<?xml version="1.0" encoding="UTF-8"?>
<!-- Generated by org.testng.reporters.JUnitReportReporter -->
<testsuite hostname="Ashwinis-MacBook-Pro.local" failures="0" tests="1" name="testCases.TC001_AccountRegistration_Test" time="2.622" errors="0" timestamp="2025-06-19T15:42:47 IST" skipped="0">
  <testcase classname="testCases.TC001_AccountRegistration_Test" name="verify_account_register" time="2.622"/>
</testsuite> <!-- testCases.TC001_AccountRegistration_Test -->
