<?xml version="1.0" encoding="UTF-8"?>
<!-- Generated by org.testng.reporters.JUnitReportReporter -->
<testsuite hostname="Ashwinis-MBP.lan" failures="0" tests="1" name="testCases.TC001_AccountRegistration_Test" time="2.071" errors="0" timestamp="2025-06-19T11:13:59 IST" skipped="0">
  <testcase classname="testCases.TC001_AccountRegistration_Test" name="verify_account_register" time="2.071"/>
</testsuite> <!-- testCases.TC001_AccountRegistration_Test -->
