<?xml version="1.0" encoding="UTF-8"?>
<!-- Generated by org.testng.reporters.JUnitReportReporter -->
<testsuite hostname="Ashwinis-MBP.lan" failures="0" tests="1" name="testCases.TC_002_LoginTest" time="1.625" errors="0" timestamp="2025-06-19T11:13:59 IST" skipped="0">
  <testcase classname="testCases.TC_002_LoginTest" name="verify_login" time="1.625"/>
</testsuite> <!-- testCases.TC_002_LoginTest -->
